{
  "stats": {
    "suites": 1,
    "tests": 2,
    "passes": 2,
    "pending": 0,
    "failures": 0,
    "start": "2020-05-18T11:54:23.109Z",
    "end": "2020-05-18T11:54:23.116Z",
    "duration": 7,
    "testsRegistered": 2,
    "passPercent": 100,
    "pendingPercent": 0,
    "other": 0,
    "hasOther": false,
    "skipped": 0,
    "hasSkipped": false
  },
  "results": [
    {
      "uuid": "39161822-a278-4938-b37b-130c8bca0a01",
      "title": "",
      "fullFile": "",
      "file": "",
      "beforeHooks": [],
      "afterHooks": [],
      "tests": [],
      "suites": [
        {
          "uuid": "858d966f-9486-4a70-8876-aeb1dfef3edc",
          "title": "加法函数的测试",
          "fullFile": "D:\\DEV\\mocha-demos\\demo02\\test\\add.test.js",
          "file": "\\test\\add.test.js",
          "beforeHooks": [],
          "afterHooks": [],
          "tests": [
            {
              "title": "1 加 1 应该等于 2",
              "fullTitle": "加法函数的测试 1 加 1 应该等于 2",
              "timedOut": false,
              "duration": 1,
              "state": "passed",
              "speed": "fast",
              "pass": true,
              "fail": false,
              "pending": false,
              "context": null,
              "code": "expect(add(1, 1)).to.be.equal(2);",
              "err": {},
              "uuid": "12111580-53a5-4647-b324-67ce1874c040",
              "parentUUID": "858d966f-9486-4a70-8876-aeb1dfef3edc",
              "isHook": false,
              "skipped": false
            },
            {
              "title": "任何数加0应该等于自身",
              "fullTitle": "加法函数的测试 任何数加0应该等于自身",
              "timedOut": false,
              "duration": 0,
              "state": "passed",
              "speed": "fast",
              "pass": true,
              "fail": false,
              "pending": false,
              "context": null,
              "code": "expect(add(1, 0)).to.be.equal(1);",
              "err": {},
              "uuid": "ae5fe787-05a0-4b6e-a435-3cf13bac8907",
              "parentUUID": "858d966f-9486-4a70-8876-aeb1dfef3edc",
              "isHook": false,
              "skipped": false
            }
          ],
          "suites": [],
          "passes": [
            "12111580-53a5-4647-b324-67ce1874c040",
            "ae5fe787-05a0-4b6e-a435-3cf13bac8907"
          ],
          "failures": [],
          "pending": [],
          "skipped": [],
          "duration": 1,
          "root": false,
          "rootEmpty": false,
          "_timeout": 2000
        }
      ],
      "passes": [],
      "failures": [],
      "pending": [],
      "skipped": [],
      "duration": 0,
      "root": true,
      "rootEmpty": true,
      "_timeout": 2000
    }
  ],
  "meta": {
    "mocha": {
      "version": "7.1.2"
    },
    "mochawesome": {
      "options": {
        "quiet": false,
        "reportFilename": "mochawesome",
        "saveHtml": true,
        "saveJson": true,
        "consoleReporter": "spec",
        "useInlineDiffs": false,
        "code": true
      },
      "version": "6.1.1"
    },
    "marge": {
      "options": null,
      "version": "5.1.0"
    }
  }
}